android-app/app/build/intermediates/manifest_merge_blame_file/release/manifest-merger-blame-release-report.txt
1<?xml version="1.0" encoding="utf-8"?>
2<manifest xmlns:android="http://schemas.android.com/apk/res/android"
3    package="com.ainav.browser"
4    android:versionCode="1"
5    android:versionName="1.0" >
6
7    <uses-sdk
8        android:minSdkVersion="23"
8-->src/main/AndroidManifest.xml
9        android:targetSdkVersion="30" />
9-->src/main/AndroidManifest.xml
10
11    <uses-permission android:name="android.permission.INTERNET" />
11-->src/main/AndroidManifest.xml:5:5-67
11-->src/main/AndroidManifest.xml:5:22-64
12    <uses-permission android:name="android.permission.ACCESS_NETWORK_STATE" />
12-->src/main/AndroidManifest.xml:6:5-79
12-->src/main/AndroidManifest.xml:6:22-76
13    <uses-permission android:name="android.permission.ACCESS_FINE_LOCATION" />
13-->src/main/AndroidManifest.xml:7:5-79
13-->src/main/AndroidManifest.xml:7:22-76
14    <uses-permission android:name="android.permission.ACCESS_COARSE_LOCATION" />
14-->src/main/AndroidManifest.xml:8:5-81
14-->src/main/AndroidManifest.xml:8:22-78
15
16    <application
16-->src/main/AndroidManifest.xml:10:5-27:19
17        android:allowBackup="true"
17-->src/main/AndroidManifest.xml:11:9-35
18        android:appComponentFactory="androidx.core.app.CoreComponentFactory"
18-->[androidx.core:core:1.5.0] AndroidManifest.xml:24:18-86
19        android:extractNativeLibs="false"
20        android:icon="@drawable/ic_launcher"
20-->src/main/AndroidManifest.xml:12:9-45
21        android:label="@string/app_name"
21-->src/main/AndroidManifest.xml:13:9-41
22        android:supportsRtl="true"
22-->src/main/AndroidManifest.xml:14:9-35
23        android:theme="@style/Theme.AINav"
23-->src/main/AndroidManifest.xml:15:9-43
24        android:usesCleartextTraffic="true" >
24-->src/main/AndroidManifest.xml:16:9-44
25        <activity
25-->src/main/AndroidManifest.xml:18:9-26:20
26            android:name="com.ainav.browser.MainActivity"
26-->src/main/AndroidManifest.xml:19:13-41
27            android:configChanges="orientation|screenSize|keyboardHidden"
27-->src/main/AndroidManifest.xml:20:13-74
28            android:exported="true" >
28-->src/main/AndroidManifest.xml:21:13-36
29            <intent-filter>
29-->src/main/AndroidManifest.xml:22:13-25:29
30                <action android:name="android.intent.action.MAIN" />
30-->src/main/AndroidManifest.xml:23:17-69
30-->src/main/AndroidManifest.xml:23:25-66
31
32                <category android:name="android.intent.category.LAUNCHER" />
32-->src/main/AndroidManifest.xml:24:17-77
32-->src/main/AndroidManifest.xml:24:27-74
33            </intent-filter>
34        </activity>
35    </application>
36
37</manifest>